<?xml version="1.0" encoding="UTF-8"?>
<!-- Generated by org.testng.reporters.JUnitReportReporter -->
<testsuite hostname="LAPTOP-RRHQSPN4" failures="0" tests="1" name="loginTest.TestCase01" time="10.736" errors="0" timestamp="2025-01-01T22:16:49 IST" skipped="0">
  <testcase classname="loginTest.TestCase01" name="loginTest" time="10.736"/>
  <system-out/>
</testsuite> <!-- loginTest.TestCase01 -->
