<?xml version="1.0" encoding="UTF-8"?>
<!-- Generated by org.testng.reporters.JUnitReportReporter -->
<testsuite hostname="LAPTOP-RRHQSPN4" failures="0" tests="1" name="OrderTest.TestCase02" time="16.109" errors="0" timestamp="2025-01-01T14:20:26 IST" skipped="0">
  <testcase classname="OrderTest.TestCase02" name="orderConfirmationTest" time="16.109"/>
  <system-out/>
</testsuite> <!-- OrderTest.TestCase02 -->
