<?xml version="1.0" encoding="UTF-8"?>
<!-- Generated by org.testng.reporters.JUnitReportReporter -->
<testsuite hostname="LAPTOP-RRHQSPN4" failures="0" tests="1" name="loginTest.TestCase01" time="4.621" errors="0" timestamp="2025-01-01T23:40:10 IST" skipped="0">
  <testcase classname="loginTest.TestCase01" name="loginTest" time="4.621"/>
</testsuite> <!-- loginTest.TestCase01 -->
