<?xml version="1.0" encoding="UTF-8"?>
<!-- Generated by org.testng.reporters.JUnitReportReporter -->
<testsuite hostname="LAPTOP-RRHQSPN4" failures="0" tests="1" name="OrderTest.TestCase02" time="21.692" errors="0" timestamp="2025-01-01T22:29:32 IST" skipped="0">
  <testcase classname="OrderTest.TestCase02" name="orderConfirmationTest" time="21.692"/>
</testsuite> <!-- OrderTest.TestCase02 -->
